Arguments: 
  C:\Program Files\nodejs\node.exe C:\Users\chukw\.node\corepack\yarn\1.22.15\bin\yarn.js

PATH: 
  C:\Users\chukw\bin;C:\Program Files\Git\mingw64\bin;C:\Program Files\Git\usr\local\bin;C:\Program Files\Git\usr\bin;C:\Program Files\Git\usr\bin;C:\Program Files\Git\mingw64\bin;C:\Program Files\Git\usr\bin;C:\Users\chukw\bin;C:\Python310\Scripts;C:\Python310;C:\WINDOWS\system32;C:\WINDOWS;C:\WINDOWS\System32\Wbem;C:\WINDOWS\System32\WindowsPowerShell\v1.0;C:\WINDOWS\System32\OpenSSH;C:\Program Files\Git\cmd;C:\Program Files\nodejs;C:\ProgramData\chocolatey\bin;C:\Program Files (x86)\Yarn\bin;C:\Program Files\GitHub CLI;C:\Users\chukw\AppData\Local\Microsoft\WindowsApps;C:\Users\chukw\AppData\Local\Programs\Microsoft VS Code\bin;C:\Users\chukw\AppData\Roaming\npm;C:\Users\chukw\AppData\Local\Programs\mongosh;C:\Users\chukw\AppData\Local\Yarn\bin;C:\Users\chukw\AppData\Local\GitHubDesktop\bin;C:\Program Files\Git\usr\bin\vendor_perl;C:\Program Files\Git\usr\bin\core_perl

Yarn version: 
  1.22.15

Node version: 
  16.14.0

Platform: 
  win32 x64

Trace: 
  Error: getaddrinfo ENOTFOUND registry.yarnpkg.com
      at GetAddrInfoReqWrap.onlookup [as oncomplete] (node:dns:71:26)

npm manifest: 
  {
    "name": "test",
    "version": "1.0.0",
    "description": "",
    "main": "index.js",
    "scripts": {
      "test": "echo \"Error: no test specified\" && exit 1"
    },
    "author": "",
    "license": "ISC",
    "devDependencies": {
      "chai": "^4.3.6",
      "hardhat": "^2.9.5"
    },
    "dependencies": {
      "@nomiclabs/hardhat-ethers": "^2.0.0",
      "@nomiclabs/hardhat-etherscan": "^3.0.0",
      "@nomiclabs/hardhat-waffle": "^2.0.0",
      "@typechain/ethers-v5": "^7.0.1",
      "@typechain/hardhat": "^2.3.0",
      "@types/chai": "^4.2.21",
      "@types/mocha": "^9.0.0",
      "@types/node": "^12.0.0",
      "@typescript-eslint/eslint-plugin": "^4.29.1",
      "@typescript-eslint/parser": "^4.29.1",
      "dotenv": "^10.0.0",
      "eslint": "^7.29.0",
      "eslint-config-prettier": "^8.3.0",
      "eslint-config-standard": "^16.0.3",
      "eslint-plugin-import": "^2.23.4",
      "eslint-plugin-node": "^11.1.0",
      "eslint-plugin-prettier": "^3.4.0",
      "eslint-plugin-promise": "^5.1.0",
      "ethereum-waffle": "^3.0.0",
      "ethers": "^5.0.0",
      "glob": "^7.2.0",
      "hardhat-gas-reporter": "^1.0.4",
      "prettier": "^2.3.2",
      "prettier-plugin-solidity": "^1.0.0-beta.13",
      "save-dev": "^0.0.1-security",
      "solhint": "^3.3.6",
      "solidity-coverage": "^0.7.0",
      "ts-node": "^10.7.0",
      "typechain": "^5.1.2",
      "typescript": "^4.6.4"
    }
  }

yarn manifest: 
  No manifest

Lockfile: 
  No lockfile
